<?xml version="1.0" encoding="UTF-8"?>
<robot generator="Robot 7.4.1 (Python 3.14.0 on win32)" generated="2026-02-03T10:03:03.798032" rpa="false" schemaversion="5">
<suite id="s1" name="Test Users" source="C:\Users\Ankit.Mishra\Desktop\Api Testing\Tests\test_users.robot">
<test id="s1-t1" name="Get_Todo" line="18">
<kw name="Create Sessions" owner="keywords" type="SETUP">
<kw name="Create Session" owner="RequestsLibrary">
<msg time="2026-02-03T10:03:03.934711" level="INFO">Creating Session using : alias=mysession, url=https://jsonplaceholder.typicode.com, headers={},                     cookies={}, auth=None, timeout=None, proxies=None, verify=False,                     debug=0 </msg>
<arg>mysession</arg>
<arg>${BASE_URL}</arg>
<doc>Create Session: create a HTTP session to a server</doc>
<status status="PASS" start="2026-02-03T10:03:03.934442" elapsed="0.000557"/>
</kw>
<status status="PASS" start="2026-02-03T10:03:03.933603" elapsed="0.001502"/>
</kw>
<kw name="GET On Session" owner="RequestsLibrary">
<msg time="2026-02-03T10:03:04.247233" level="INFO">GET Request : url=https://jsonplaceholder.typicode.com/todos/10 
 path_url=/todos/10 
 headers={'User-Agent': 'python-requests/2.32.5', 'Accept-Encoding': 'gzip, deflate, zstd', 'Accept': '*/*', 'Connection': 'keep-alive'} 
 body=None 
 </msg>
<msg time="2026-02-03T10:03:04.247552" level="INFO">GET Response : url=https://jsonplaceholder.typicode.com/todos/10 
 status=200, reason=OK 
 headers={'Date': 'Tue, 03 Feb 2026 04:33:03 GMT', 'Content-Type': 'application/json; charset=utf-8', 'Transfer-Encoding': 'chunked', 'Connection': 'keep-alive', 'access-control-allow-credentials': 'true', 'Cache-Control': 'max-age=43200', 'etag': 'W/"6d-BoXTpHBzlMEesiijbxzpwZqPXhI"', 'expires': '-1', 'nel': '{"report_to":"heroku-nel","response_headers":["Via"],"max_age":3600,"success_fraction":0.01,"failure_fraction":0.1}', 'pragma': 'no-cache', 'report-to': '{"group":"heroku-nel","endpoints":[{"url":"https://nel.heroku.com/reports?s=OCcoO5esQQu9AY4T%2BnHme4jks2Shsc5ZH%2BTfrUBWWDI%3D\\u0026sid=e11707d5-02a7-43ef-b45e-2cf4d2036f7d\\u0026ts=1770036009"}],"max_age":3600}', 'reporting-endpoints': 'heroku-nel="https://nel.heroku.com/reports?s=OCcoO5esQQu9AY4T%2BnHme4jks2Shsc5ZH%2BTfrUBWWDI%3D&amp;sid=e11707d5-02a7-43ef-b45e-2cf4d2036f7d&amp;ts=1770036009"', 'Server': 'cloudflare', 'vary': 'Origin, Accept-Encoding', 'via': '2.0 heroku-router', 'x-content-type-options': 'nosniff', 'x-powered-by': 'Express', 'x-ratelimit-limit': '1000', 'x-ratelimit-remaining': '953', 'x-ratelimit-reset': '1770036062', 'Age': '28282', 'cf-cache-status': 'HIT', 'Content-Encoding': 'zstd', 'CF-RAY': '9c7f353e69a79fdf-SIN', 'alt-svc': 'h3=":443"; ma=86400'} 
 body={
  "userId": 1,
  "id": 10,
  "title": "illo est ratione doloremque quia maiores aut",
  "completed": true
} 
 </msg>
<msg time="2026-02-03T10:03:04.247725" level="INFO">C:\Users\Ankit.Mishra\Desktop\Api Testing\venv\Lib\site-packages\urllib3\connectionpool.py:1097: InsecureRequestWarning: Unverified HTTPS request is being made to host 'jsonplaceholder.typicode.com'. Adding certificate verification is strongly advised. See: https://urllib3.readthedocs.io/en/latest/advanced-usage.html#tls-warnings
  warnings.warn(</msg>
<msg time="2026-02-03T10:03:04.248346" level="INFO">${response} = &lt;Response [200]&gt;</msg>
<var>${response}</var>
<arg>${SESSION}</arg>
<arg>${todos_endpoint}${ID}</arg>
<doc>Sends a GET request on a previously created HTTP Session.</doc>
<status status="PASS" start="2026-02-03T10:03:03.935577" elapsed="0.312851"/>
</kw>
<kw name="Log To Console" owner="BuiltIn">
<arg>Status Code: ${response.status_code}</arg>
<doc>Logs the given message to the console.</doc>
<status status="PASS" start="2026-02-03T10:03:04.249097" elapsed="0.001448"/>
</kw>
<kw name="Should Be Equal As Integers" owner="BuiltIn">
<arg>${response.status_code}</arg>
<arg>${statusCode}</arg>
<doc>Fails if objects are unequal after converting them to integers.</doc>
<status status="PASS" start="2026-02-03T10:03:04.251032" elapsed="0.001575"/>
</kw>
<kw name="Convert To String" owner="BuiltIn">
<msg time="2026-02-03T10:03:04.254721" level="INFO">${body} = {
  "userId": 1,
  "id": 10,
  "title": "illo est ratione doloremque quia maiores aut",
  "completed": true
}</msg>
<var>${body}</var>
<arg>${response.content}</arg>
<doc>Converts the given item to a Unicode string.</doc>
<status status="PASS" start="2026-02-03T10:03:04.253133" elapsed="0.001673"/>
</kw>
<kw name="Should Contain" owner="BuiltIn">
<arg>${body}</arg>
<arg>true</arg>
<doc>Fails if ``container`` does not contain ``item`` one or more times.</doc>
<status status="PASS" start="2026-02-03T10:03:04.255405" elapsed="0.001665"/>
</kw>
<status status="PASS" start="2026-02-03T10:03:03.932848" elapsed="0.324677"/>
</test>
<test id="s1-t2" name="Post_Todo" line="33">
<kw name="Create Sessions" owner="keywords" type="SETUP">
<kw name="Create Session" owner="RequestsLibrary">
<msg time="2026-02-03T10:03:04.259691" level="INFO">Creating Session using : alias=mysession, url=https://jsonplaceholder.typicode.com, headers={},                     cookies={}, auth=None, timeout=None, proxies=None, verify=False,                     debug=0 </msg>
<arg>mysession</arg>
<arg>${BASE_URL}</arg>
<doc>Create Session: create a HTTP session to a server</doc>
<status status="PASS" start="2026-02-03T10:03:04.259505" elapsed="0.000431"/>
</kw>
<status status="PASS" start="2026-02-03T10:03:04.259119" elapsed="0.000961"/>
</kw>
<kw name="Create Dictionary" owner="BuiltIn">
<msg time="2026-02-03T10:03:04.261239" level="INFO">${body} = {'userId': '107', 'id': '107', 'title': 'Robot', 'completed': 'True'}</msg>
<var>${body}</var>
<arg>userId=107</arg>
<arg>id=107</arg>
<arg>title=Robot</arg>
<arg>completed=True</arg>
<doc>Creates and returns a dictionary based on the given ``items``.</doc>
<status status="PASS" start="2026-02-03T10:03:04.260446" elapsed="0.000831"/>
</kw>
<kw name="POST On Session" owner="RequestsLibrary">
<msg time="2026-02-03T10:03:05.272164" level="INFO">POST Request : url=https://jsonplaceholder.typicode.com/posts 
 path_url=/posts 
 headers={'User-Agent': 'python-requests/2.32.5', 'Accept-Encoding': 'gzip, deflate, zstd', 'Accept': '*/*', 'Connection': 'keep-alive', 'Content-Length': '69', 'Content-Type': 'application/json'} 
 body=b'{"userId": "107", "id": "107", "title": "Robot", "completed": "True"}' 
 </msg>
<msg time="2026-02-03T10:03:05.272440" level="INFO">POST Response : url=https://jsonplaceholder.typicode.com/posts 
 status=201, reason=Created 
 headers={'Date': 'Tue, 03 Feb 2026 04:33:04 GMT', 'Content-Type': 'application/json; charset=utf-8', 'Content-Length': '77', 'Connection': 'keep-alive', 'access-control-allow-credentials': 'true', 'access-control-expose-headers': 'Location', 'Cache-Control': 'no-cache', 'etag': 'W/"4d-eFth1qR/0zIPvQst9q1Nka+Cn2Q"', 'expires': '-1', 'location': 'https://jsonplaceholder.typicode.com/posts/101', 'nel': '{"report_to":"heroku-nel","response_headers":["Via"],"max_age":3600,"success_fraction":0.01,"failure_fraction":0.1}', 'pragma': 'no-cache', 'report-to': '{"group":"heroku-nel","endpoints":[{"url":"https://nel.heroku.com/reports?s=pWtm5n8OvrjYlZyl3Jz5paFBbqbho2RAISSq4WjYjKU%3D\\u0026sid=e11707d5-02a7-43ef-b45e-2cf4d2036f7d\\u0026ts=1770093184"}],"max_age":3600}', 'reporting-endpoints': 'heroku-nel="https://nel.heroku.com/reports?s=pWtm5n8OvrjYlZyl3Jz5paFBbqbho2RAISSq4WjYjKU%3D&amp;sid=e11707d5-02a7-43ef-b45e-2cf4d2036f7d&amp;ts=1770093184"', 'Server': 'cloudflare', 'vary': 'Origin, X-HTTP-Method-Override, Accept-Encoding', 'via': '2.0 heroku-router', 'x-content-type-options': 'nosniff', 'x-powered-by': 'Express', 'x-ratelimit-limit': '1000', 'x-ratelimit-remaining': '999', 'x-ratelimit-reset': '1770093230', 'cf-cache-status': 'DYNAMIC', 'CF-RAY': '9c7f35407979fdeb-SIN', 'alt-svc': 'h3=":443"; ma=86400'} 
 body={
  "userId": "107",
  "id": 101,
  "title": "Robot",
  "completed": "True"
} 
 </msg>
<msg time="2026-02-03T10:03:05.272646" level="INFO">C:\Users\Ankit.Mishra\Desktop\Api Testing\venv\Lib\site-packages\urllib3\connectionpool.py:1097: InsecureRequestWarning: Unverified HTTPS request is being made to host 'jsonplaceholder.typicode.com'. Adding certificate verification is strongly advised. See: https://urllib3.readthedocs.io/en/latest/advanced-usage.html#tls-warnings
  warnings.warn(</msg>
<msg time="2026-02-03T10:03:05.273695" level="INFO">${response} = &lt;Response [201]&gt;</msg>
<var>${response}</var>
<arg>${SESSION}</arg>
<arg>${posts}</arg>
<arg>json=${body}</arg>
<doc>Sends a POST request on a previously created HTTP Session.</doc>
<status status="PASS" start="2026-02-03T10:03:04.261702" elapsed="1.012123"/>
</kw>
<kw name="Log To Console" owner="BuiltIn">
<arg>Status Code : ${response.status_code}</arg>
<doc>Logs the given message to the console.</doc>
<status status="PASS" start="2026-02-03T10:03:05.274548" elapsed="0.002093"/>
</kw>
<kw name="Log To Console" owner="BuiltIn">
<arg>Response : ${response.json()}</arg>
<doc>Logs the given message to the console.</doc>
<status status="PASS" start="2026-02-03T10:03:05.277935" elapsed="0.002520"/>
</kw>
<kw name="Should Be Equal As Integers" owner="BuiltIn">
<arg>${response.status_code}</arg>
<arg>${postStatusCode}</arg>
<doc>Fails if objects are unequal after converting them to integers.</doc>
<status status="PASS" start="2026-02-03T10:03:05.281261" elapsed="0.001742"/>
</kw>
<status status="PASS" start="2026-02-03T10:03:04.258402" elapsed="1.025340"/>
</test>
<test id="s1-t3" name="Patch_Todo" line="42">
<kw name="Create Sessions" owner="keywords" type="SETUP">
<kw name="Create Session" owner="RequestsLibrary">
<msg time="2026-02-03T10:03:05.290020" level="INFO">Creating Session using : alias=mysession, url=https://jsonplaceholder.typicode.com, headers={},                     cookies={}, auth=None, timeout=None, proxies=None, verify=False,                     debug=0 </msg>
<arg>mysession</arg>
<arg>${BASE_URL}</arg>
<doc>Create Session: create a HTTP session to a server</doc>
<status status="PASS" start="2026-02-03T10:03:05.289734" elapsed="0.000720"/>
</kw>
<status status="PASS" start="2026-02-03T10:03:05.289228" elapsed="0.001387"/>
</kw>
<kw name="Create Dictionary" owner="BuiltIn">
<msg time="2026-02-03T10:03:05.291663" level="INFO">${body} = {'title': 'Updated Robot Title', 'completed': 'True'}</msg>
<var>${body}</var>
<arg>title=Updated Robot Title</arg>
<arg>completed=True</arg>
<doc>Creates and returns a dictionary based on the given ``items``.</doc>
<status status="PASS" start="2026-02-03T10:03:05.291069" elapsed="0.000642"/>
</kw>
<kw name="PATCH On Session" owner="RequestsLibrary">
<msg time="2026-02-03T10:03:06.219729" level="INFO">PATCH Request : url=https://jsonplaceholder.typicode.com/posts/10 
 path_url=/posts/10 
 headers={'User-Agent': 'python-requests/2.32.5', 'Accept-Encoding': 'gzip, deflate, zstd', 'Accept': '*/*', 'Connection': 'keep-alive', 'Content-Length': '53', 'Content-Type': 'application/json'} 
 body=b'{"title": "Updated Robot Title", "completed": "True"}' 
 </msg>
<msg time="2026-02-03T10:03:06.220023" level="INFO">PATCH Response : url=https://jsonplaceholder.typicode.com/posts/10 
 status=200, reason=OK 
 headers={'Date': 'Tue, 03 Feb 2026 04:33:05 GMT', 'Content-Type': 'application/json; charset=utf-8', 'Transfer-Encoding': 'chunked', 'Connection': 'keep-alive', 'access-control-allow-credentials': 'true', 'Cache-Control': 'no-cache', 'etag': 'W/"e8-2KlK/SwQCZ2QmnWuCZBnoAv7hoY"', 'expires': '-1', 'nel': '{"report_to":"heroku-nel","response_headers":["Via"],"max_age":3600,"success_fraction":0.01,"failure_fraction":0.1}', 'pragma': 'no-cache', 'report-to': '{"group":"heroku-nel","endpoints":[{"url":"https://nel.heroku.com/reports?s=YhoFgT81wHqVSoWZ9JguaWfYyQ%2BuWeSqvGZMhro48DU%3D\\u0026sid=e11707d5-02a7-43ef-b45e-2cf4d2036f7d\\u0026ts=1770093185"}],"max_age":3600}', 'reporting-endpoints': 'heroku-nel="https://nel.heroku.com/reports?s=YhoFgT81wHqVSoWZ9JguaWfYyQ%2BuWeSqvGZMhro48DU%3D&amp;sid=e11707d5-02a7-43ef-b45e-2cf4d2036f7d&amp;ts=1770093185"', 'Server': 'cloudflare', 'vary': 'Origin, Accept-Encoding', 'via': '2.0 heroku-router', 'x-content-type-options': 'nosniff', 'x-powered-by': 'Express', 'x-ratelimit-limit': '1000', 'x-ratelimit-remaining': '998', 'x-ratelimit-reset': '1770093230', 'cf-cache-status': 'DYNAMIC', 'Content-Encoding': 'zstd', 'CF-RAY': '9c7f35468e09a084-SIN', 'alt-svc': 'h3=":443"; ma=86400'} 
 body={
  "userId": 1,
  "id": 10,
  "title": "Updated Robot Title",
  "body": "quo et expedita modi cum officia vel magni\ndoloribus qui repudiandae\nvero nisi sit\nquos veniam quod sed accusamus veritatis error",
  "completed": "True"
} 
 </msg>
<msg time="2026-02-03T10:03:06.220230" level="INFO">C:\Users\Ankit.Mishra\Desktop\Api Testing\venv\Lib\site-packages\urllib3\connectionpool.py:1097: InsecureRequestWarning: Unverified HTTPS request is being made to host 'jsonplaceholder.typicode.com'. Adding certificate verification is strongly advised. See: https://urllib3.readthedocs.io/en/latest/advanced-usage.html#tls-warnings
  warnings.warn(</msg>
<msg time="2026-02-03T10:03:06.221997" level="INFO">${response} = &lt;Response [200]&gt;</msg>
<var>${response}</var>
<arg>mysession</arg>
<arg>${posts}/${ID}</arg>
<arg>json=${body}</arg>
<doc>Sends a PATCH request on a previously created HTTP Session.</doc>
<status status="PASS" start="2026-02-03T10:03:05.292180" elapsed="0.929921"/>
</kw>
<kw name="Log To Console" owner="BuiltIn">
<arg>Status Code : ${response.status_code}</arg>
<doc>Logs the given message to the console.</doc>
<status status="PASS" start="2026-02-03T10:03:06.223067" elapsed="0.002504"/>
</kw>
<kw name="Log To Console" owner="BuiltIn">
<arg>Response : ${response.json()}</arg>
<doc>Logs the given message to the console.</doc>
<status status="PASS" start="2026-02-03T10:03:06.226324" elapsed="0.002186"/>
</kw>
<kw name="Should Be Equal As Integers" owner="BuiltIn">
<arg>${response.status_code}</arg>
<arg>${statusCode}</arg>
<doc>Fails if objects are unequal after converting them to integers.</doc>
<status status="PASS" start="2026-02-03T10:03:06.229044" elapsed="0.001788"/>
</kw>
<status status="PASS" start="2026-02-03T10:03:05.288580" elapsed="0.942917"/>
</test>
<test id="s1-t4" name="Update_Todo_PUT" line="51">
<kw name="Create Sessions" owner="keywords" type="SETUP">
<kw name="Create Session" owner="RequestsLibrary">
<msg time="2026-02-03T10:03:06.239749" level="INFO">Creating Session using : alias=mysession, url=https://jsonplaceholder.typicode.com, headers={},                     cookies={}, auth=None, timeout=None, proxies=None, verify=False,                     debug=0 </msg>
<arg>mysession</arg>
<arg>${BASE_URL}</arg>
<doc>Create Session: create a HTTP session to a server</doc>
<status status="PASS" start="2026-02-03T10:03:06.239539" elapsed="0.000403"/>
</kw>
<status status="PASS" start="2026-02-03T10:03:06.239204" elapsed="0.000825"/>
</kw>
<kw name="Create Dictionary" owner="BuiltIn">
<msg time="2026-02-03T10:03:06.240766" level="INFO">${body} = {'userId': '1', 'id': '1', 'title': 'Updated via PUT', 'completed': 'True'}</msg>
<var>${body}</var>
<arg>userId=1</arg>
<arg>id=1</arg>
<arg>title=Updated via PUT</arg>
<arg>completed=True</arg>
<doc>Creates and returns a dictionary based on the given ``items``.</doc>
<status status="PASS" start="2026-02-03T10:03:06.240288" elapsed="0.000514"/>
</kw>
<kw name="PUT On Session" owner="RequestsLibrary">
<msg time="2026-02-03T10:03:07.143727" level="INFO">PUT Request : url=https://jsonplaceholder.typicode.com/posts/10 
 path_url=/posts/10 
 headers={'User-Agent': 'python-requests/2.32.5', 'Accept-Encoding': 'gzip, deflate, zstd', 'Accept': '*/*', 'Connection': 'keep-alive', 'Content-Length': '75', 'Content-Type': 'application/json'} 
 body=b'{"userId": "1", "id": "1", "title": "Updated via PUT", "completed": "True"}' 
 </msg>
<msg time="2026-02-03T10:03:07.143990" level="INFO">PUT Response : url=https://jsonplaceholder.typicode.com/posts/10 
 status=200, reason=OK 
 headers={'Date': 'Tue, 03 Feb 2026 04:33:06 GMT', 'Content-Type': 'application/json; charset=utf-8', 'Transfer-Encoding': 'chunked', 'Connection': 'keep-alive', 'access-control-allow-credentials': 'true', 'Cache-Control': 'no-cache', 'etag': 'W/"54-BPv4AscOBUcG+ZueLKaV9cYIagg"', 'expires': '-1', 'nel': '{"report_to":"heroku-nel","response_headers":["Via"],"max_age":3600,"success_fraction":0.01,"failure_fraction":0.1}', 'pragma': 'no-cache', 'report-to': '{"group":"heroku-nel","endpoints":[{"url":"https://nel.heroku.com/reports?s=AeB2rpg8YL6Vg%2BKHt7L5lnjO1yb0bQ9s5B%2FUb%2Bif1ec%3D\\u0026sid=e11707d5-02a7-43ef-b45e-2cf4d2036f7d\\u0026ts=1770093186"}],"max_age":3600}', 'reporting-endpoints': 'heroku-nel="https://nel.heroku.com/reports?s=AeB2rpg8YL6Vg%2BKHt7L5lnjO1yb0bQ9s5B%2FUb%2Bif1ec%3D&amp;sid=e11707d5-02a7-43ef-b45e-2cf4d2036f7d&amp;ts=1770093186"', 'Server': 'cloudflare', 'vary': 'Origin, Accept-Encoding', 'via': '2.0 heroku-router', 'x-content-type-options': 'nosniff', 'x-powered-by': 'Express', 'x-ratelimit-limit': '1000', 'x-ratelimit-remaining': '997', 'x-ratelimit-reset': '1770093230', 'cf-cache-status': 'DYNAMIC', 'Content-Encoding': 'zstd', 'CF-RAY': '9c7f354c6b19b403-SIN', 'alt-svc': 'h3=":443"; ma=86400'} 
 body={
  "userId": "1",
  "id": 10,
  "title": "Updated via PUT",
  "completed": "True"
} 
 </msg>
<msg time="2026-02-03T10:03:07.144220" level="INFO">C:\Users\Ankit.Mishra\Desktop\Api Testing\venv\Lib\site-packages\urllib3\connectionpool.py:1097: InsecureRequestWarning: Unverified HTTPS request is being made to host 'jsonplaceholder.typicode.com'. Adding certificate verification is strongly advised. See: https://urllib3.readthedocs.io/en/latest/advanced-usage.html#tls-warnings
  warnings.warn(</msg>
<msg time="2026-02-03T10:03:07.144958" level="INFO">${response} = &lt;Response [200]&gt;</msg>
<var>${response}</var>
<arg>${SESSION}</arg>
<arg>${posts}/${ID}</arg>
<arg>json=${body}</arg>
<doc>Sends a PUT request on a previously created HTTP Session.</doc>
<status status="PASS" start="2026-02-03T10:03:06.241032" elapsed="0.904056"/>
</kw>
<kw name="Log To Console" owner="BuiltIn">
<arg>Status Code : ${response.status_code}</arg>
<doc>Logs the given message to the console.</doc>
<status status="PASS" start="2026-02-03T10:03:07.145856" elapsed="0.001843"/>
</kw>
<kw name="Log To Console" owner="BuiltIn">
<arg>Response : ${response.json()}</arg>
<doc>Logs the given message to the console.</doc>
<status status="PASS" start="2026-02-03T10:03:07.148345" elapsed="0.002041"/>
</kw>
<kw name="Should Be Equal As Integers" owner="BuiltIn">
<arg>${response.status_code}</arg>
<arg>${statusCode}</arg>
<doc>Fails if objects are unequal after converting them to integers.</doc>
<status status="PASS" start="2026-02-03T10:03:07.150936" elapsed="0.001461"/>
</kw>
<status status="PASS" start="2026-02-03T10:03:06.238617" elapsed="0.914291"/>
</test>
<test id="s1-t5" name="Delete_Todo" line="65">
<kw name="Create Sessions" owner="keywords" type="SETUP">
<kw name="Create Session" owner="RequestsLibrary">
<msg time="2026-02-03T10:03:07.155529" level="INFO">Creating Session using : alias=mysession, url=https://jsonplaceholder.typicode.com, headers={},                     cookies={}, auth=None, timeout=None, proxies=None, verify=False,                     debug=0 </msg>
<arg>mysession</arg>
<arg>${BASE_URL}</arg>
<doc>Create Session: create a HTTP session to a server</doc>
<status status="PASS" start="2026-02-03T10:03:07.155301" elapsed="0.000486"/>
</kw>
<status status="PASS" start="2026-02-03T10:03:07.154682" elapsed="0.001217"/>
</kw>
<kw name="DELETE On Session" owner="RequestsLibrary">
<msg time="2026-02-03T10:03:08.166408" level="INFO">DELETE Request : url=https://jsonplaceholder.typicode.com/posts/10 
 path_url=/posts/10 
 headers={'User-Agent': 'python-requests/2.32.5', 'Accept-Encoding': 'gzip, deflate, zstd', 'Accept': '*/*', 'Connection': 'keep-alive', 'Content-Length': '0'} 
 body=None 
 </msg>
<msg time="2026-02-03T10:03:08.166694" level="INFO">DELETE Response : url=https://jsonplaceholder.typicode.com/posts/10 
 status=200, reason=OK 
 headers={'Date': 'Tue, 03 Feb 2026 04:33:07 GMT', 'Content-Type': 'application/json; charset=utf-8', 'Transfer-Encoding': 'chunked', 'Connection': 'keep-alive', 'access-control-allow-credentials': 'true', 'Cache-Control': 'no-cache', 'etag': 'W/"2-vyGp6PvFo4RvsFtPoIWeCReyIC8"', 'expires': '-1', 'nel': '{"report_to":"heroku-nel","response_headers":["Via"],"max_age":3600,"success_fraction":0.01,"failure_fraction":0.1}', 'pragma': 'no-cache', 'report-to': '{"group":"heroku-nel","endpoints":[{"url":"https://nel.heroku.com/reports?s=t2j5gWe3xwBQu%2FA%2FIGhR5hy8ndwh59clciTMh82gjuk%3D\\u0026sid=e11707d5-02a7-43ef-b45e-2cf4d2036f7d\\u0026ts=1770093187"}],"max_age":3600}', 'reporting-endpoints': 'heroku-nel="https://nel.heroku.com/reports?s=t2j5gWe3xwBQu%2FA%2FIGhR5hy8ndwh59clciTMh82gjuk%3D&amp;sid=e11707d5-02a7-43ef-b45e-2cf4d2036f7d&amp;ts=1770093187"', 'Server': 'cloudflare', 'vary': 'Origin, Accept-Encoding', 'via': '2.0 heroku-router', 'x-content-type-options': 'nosniff', 'x-powered-by': 'Express', 'x-ratelimit-limit': '1000', 'x-ratelimit-remaining': '996', 'x-ratelimit-reset': '1770093230', 'cf-cache-status': 'DYNAMIC', 'Content-Encoding': 'zstd', 'CF-RAY': '9c7f35520e1c3f9b-SIN', 'alt-svc': 'h3=":443"; ma=86400'} 
 body={} 
 </msg>
<msg time="2026-02-03T10:03:08.166891" level="INFO">C:\Users\Ankit.Mishra\Desktop\Api Testing\venv\Lib\site-packages\urllib3\connectionpool.py:1097: InsecureRequestWarning: Unverified HTTPS request is being made to host 'jsonplaceholder.typicode.com'. Adding certificate verification is strongly advised. See: https://urllib3.readthedocs.io/en/latest/advanced-usage.html#tls-warnings
  warnings.warn(</msg>
<msg time="2026-02-03T10:03:08.167727" level="INFO">${response} = &lt;Response [200]&gt;</msg>
<var>${response}</var>
<arg>${SESSION}</arg>
<arg>${posts}/${ID}</arg>
<doc>Sends a DELETE request on a previously created HTTP Session.</doc>
<status status="PASS" start="2026-02-03T10:03:07.156268" elapsed="1.011646"/>
</kw>
<kw name="Log To Console" owner="BuiltIn">
<arg>Status Code : ${response.status_code}</arg>
<doc>Logs the given message to the console.</doc>
<status status="PASS" start="2026-02-03T10:03:08.168782" elapsed="0.003260"/>
</kw>
<kw name="Should Be Equal As Integers" owner="BuiltIn">
<arg>${response.status_code}</arg>
<arg>${statusCode}</arg>
<doc>Fails if objects are unequal after converting them to integers.</doc>
<status status="PASS" start="2026-02-03T10:03:08.172731" elapsed="0.002072"/>
</kw>
<status status="PASS" start="2026-02-03T10:03:07.153797" elapsed="1.021840"/>
</test>
<status status="PASS" start="2026-02-03T10:03:03.800551" elapsed="4.377526"/>
</suite>
<statistics>
<total>
<stat pass="5" fail="0" skip="0">All Tests</stat>
</total>
<tag>
</tag>
<suite>
<stat name="Test Users" id="s1" pass="5" fail="0" skip="0">Test Users</stat>
</suite>
</statistics>
<errors>
</errors>
</robot>
